<?xml version="1.0" encoding="UTF-8"?>
<!-- Generated by org.testng.reporters.JUnitXMLReporter -->
<testsuite hostname="CHE7-L21298" ignored="0" name="Default test" tests="3" failures="0" timestamp="2020-08-25T23:52:06 IST" time="26.072" errors="0">
  <testcase name="homePage" time="3.159" classname="com.tAjio.homePage.StaticSections"/>
  <testcase name="notificationSection" time="2.464" classname="com.tAjio.homePage.StaticSections"/>
  <testcase name="footerSection" time="1.534" classname="com.tAjio.homePage.StaticSections"/>
</testsuite> <!-- Default test -->
