<?xml version="1.0" encoding="UTF-8"?>
<!-- Generated by org.testng.reporters.JUnitXMLReporter -->
<testsuite hostname="CHE7-L21298" ignored="0" name="Default test" tests="5" failures="0" timestamp="2020-08-25T12:45:01 IST" time="88.793" errors="0">
  <testcase name="homePage" time="3.496" classname="com.tAjio.homePage.HamburgerMenu"/>
  <testcase name="hamburgerMenuTap" time="6.538" classname="com.tAjio.homePage.HamburgerMenu"/>
  <testcase name="secondaryMenuTap" time="10.036" classname="com.tAjio.homePage.HamburgerMenu"/>
  <testcase name="productResultsPage" time="35.483" classname="com.tAjio.homePage.HamburgerMenu"/>
  <testcase name="productDetailsPage" time="14.343" classname="com.tAjio.homePage.HamburgerMenu"/>
</testsuite> <!-- Default test -->
