<?xml version="1.0" encoding="UTF-8"?>
<!-- Generated by org.testng.reporters.JUnitXMLReporter -->
<testsuite hostname="CHE7-L21298" ignored="0" name="Default test" tests="7" failures="0" timestamp="2020-09-02T00:05:45 IST" time="62.904" errors="0">
  <testcase name="homePage" time="19.122" classname="com.tAjio.homePage.PDPBasic"/>
  <testcase name="pdpStaticElements_Closet" time="0.002" classname="com.tAjio.homePage.PDPBasic"/>
  <testcase name="pdpStaticElements_Cart" time="0.002" classname="com.tAjio.homePage.PDPBasic"/>
  <testcase name="pdpProductImageScroll" time="8.119" classname="com.tAjio.homePage.PDPBasic"/>
  <testcase name="pdpProductImageZoomView" time="5.023" classname="com.tAjio.homePage.PDPBasic"/>
  <testcase name="pdpAddToCart" time="7.261" classname="com.tAjio.homePage.PDPBasic"/>
  <testcase name="pdpSaveToCloset" time="4.922" classname="com.tAjio.homePage.PDPBasic"/>
</testsuite> <!-- Default test -->
