<?xml version="1.0" encoding="UTF-8"?>
<!-- Generated by org.testng.reporters.JUnitXMLReporter -->
<testsuite hostname="CHE7-L21298" ignored="0" name="Default test" tests="3" failures="0" timestamp="2020-08-26T16:16:54 IST" time="47.3" errors="0">
  <testcase name="homePage" time="3.099" classname="com.tAjio.homePage.StaticSections"/>
  <testcase name="notificationSection" time="3.111" classname="com.tAjio.homePage.StaticSections"/>
  <testcase name="footerSection" time="23.993" classname="com.tAjio.homePage.StaticSections"/>
</testsuite> <!-- Default test -->
