<?xml version="1.0" encoding="UTF-8"?>
<!-- Generated by org.testng.reporters.JUnitXMLReporter -->
<testsuite hostname="CHE7-L21298" ignored="0" name="Default test" tests="8" failures="0" timestamp="2020-09-14T15:14:20 IST" time="164.809" errors="0">
  <testcase name="homePage" time="19.148" classname="com.tAjio.homePage.PDPBasic"/>
  <testcase name="pdpStaticElements_Closet" time="6.879" classname="com.tAjio.homePage.PDPBasic"/>
  <testcase name="pdpStaticElements_Cart" time="4.471" classname="com.tAjio.homePage.PDPBasic"/>
  <testcase name="pdpProductImageScroll" time="4.514" classname="com.tAjio.homePage.PDPBasic"/>
  <testcase name="pdpProductImageZoomView" time="4.471" classname="com.tAjio.homePage.PDPBasic"/>
  <testcase name="pdpAddToCart" time="7.07" classname="com.tAjio.homePage.PDPBasic"/>
  <testcase name="pdpSaveToCloset" time="4.668" classname="com.tAjio.homePage.PDPBasic"/>
  <testcase name="pdpShareOptions" time="97.715" classname="com.tAjio.homePage.PDPBasic"/>
</testsuite> <!-- Default test -->
