<?xml version="1.0" encoding="UTF-8"?>
<!-- Generated by org.testng.reporters.JUnitXMLReporter -->
<testsuite hostname="CHE7-L21298" ignored="0" name="Default test" tests="4" failures="0" timestamp="2020-08-27T16:24:00 IST" time="45.738" errors="0">
  <testcase name="homePage" time="17.012" classname="com.tAjio.homePage.PDPBasic"/>
  <testcase name="pdpStaticElements_Closet" time="0.003" classname="com.tAjio.homePage.PDPBasic"/>
  <testcase name="pdpStaticElements_Cart" time="0.002" classname="com.tAjio.homePage.PDPBasic"/>
  <testcase name="pdpProductImageScroll" time="9.441" classname="com.tAjio.homePage.PDPBasic"/>
</testsuite> <!-- Default test -->
