<?xml version="1.0" encoding="UTF-8"?>
<!-- Generated by org.testng.reporters.JUnitXMLReporter -->
<testsuite hostname="CHE7-L21298" ignored="0" name="Default test" tests="5" failures="0" timestamp="2020-08-09T18:40:00 IST" time="88.618" errors="0">
  <testcase name="homePage" time="3.141" classname="com.tAjio.homePage.HamburgerMenu"/>
  <testcase name="hamburgerMenuTap" time="6.635" classname="com.tAjio.homePage.HamburgerMenu"/>
  <testcase name="secondaryMenuTap" time="7.783" classname="com.tAjio.homePage.HamburgerMenu"/>
  <testcase name="productResultsPage" time="37.689" classname="com.tAjio.homePage.HamburgerMenu"/>
  <testcase name="productDetailsPage" time="14.843" classname="com.tAjio.homePage.HamburgerMenu"/>
</testsuite> <!-- Default test -->
