<?xml version="1.0" encoding="UTF-8"?>
<!-- Generated by org.testng.reporters.JUnitXMLReporter -->
<testsuite hostname="CHE7-L21298" ignored="0" name="Default test" tests="5" failures="0" timestamp="2020-08-08T18:39:21 IST" time="79.135" errors="0">
  <testcase name="homePage" time="3.126" classname="com.tAjio.homePage.HamburgerMenu"/>
  <testcase name="hamburgerMenuTap" time="7.682" classname="com.tAjio.homePage.HamburgerMenu"/>
  <testcase name="secondaryMenuTap" time="9.171" classname="com.tAjio.homePage.HamburgerMenu"/>
  <testcase name="productResultsPage" time="37.068" classname="com.tAjio.homePage.HamburgerMenu"/>
  <testcase name="productDetailsPage" time="6.399" classname="com.tAjio.homePage.HamburgerMenu"/>
</testsuite> <!-- Default test -->
