<?xml version="1.0" encoding="UTF-8"?>
<!-- Generated by org.testng.reporters.JUnitXMLReporter -->
<testsuite hostname="CHE7-L21298" ignored="0" name="Default test" tests="4" failures="0" timestamp="2020-08-01T23:42:23 IST" time="76.722" errors="0">
  <testcase name="homePage" time="27.587" classname="com.tAjio.homePage.HamburgerMenu"/>
  <testcase name="hamburgerMenuTap" time="5.158" classname="com.tAjio.homePage.HamburgerMenu"/>
  <testcase name="secondaryMenuTap" time="11.816" classname="com.tAjio.homePage.HamburgerMenu"/>
  <testcase name="productResultsPage" time="14.476" classname="com.tAjio.homePage.HamburgerMenu"/>
</testsuite> <!-- Default test -->
