<?xml version="1.0" encoding="UTF-8"?>
<!-- Generated by org.testng.reporters.JUnitXMLReporter -->
<testsuite hostname="CHE7-L21298" ignored="0" name="Default test" tests="3" failures="0" timestamp="2020-07-26T15:30:16 IST" time="41.082" errors="0">
  <testcase name="homePage" time="4.541" classname="com.tAjio.homePage.HamburgerMenu"/>
  <testcase name="hamburgerMenuTap" time="9.033" classname="com.tAjio.homePage.HamburgerMenu"/>
  <testcase name="secondaryMenuTap" time="7.758" classname="com.tAjio.homePage.HamburgerMenu"/>
</testsuite> <!-- Default test -->
