<?xml version="1.0" encoding="UTF-8"?>
<!-- Generated by org.testng.reporters.JUnitXMLReporter -->
<testsuite hostname="CHE7-L21298" ignored="0" name="Default test" tests="3" failures="0" timestamp="2020-08-27T01:34:22 IST" time="54.902" errors="0">
  <testcase name="homePage" time="19.067" classname="com.tAjio.homePage.PDPBasic"/>
  <testcase name="pdpStaticElements_Closet" time="12.873" classname="com.tAjio.homePage.PDPBasic"/>
  <testcase name="pdpStaticElements_Cart" time="4.703" classname="com.tAjio.homePage.PDPBasic"/>
</testsuite> <!-- Default test -->
