<?xml version="1.0" encoding="UTF-8"?>
<!-- Generated by org.testng.reporters.JUnitXMLReporter -->
<testsuite hostname="CHE7-L21298" ignored="0" name="Default test" tests="4" failures="0" timestamp="2020-08-08T16:00:42 IST" time="73.292" errors="0">
  <testcase name="homePage" time="3.046" classname="com.tAjio.homePage.HamburgerMenu"/>
  <testcase name="hamburgerMenuTap" time="6.843" classname="com.tAjio.homePage.HamburgerMenu"/>
  <testcase name="secondaryMenuTap" time="10.07" classname="com.tAjio.homePage.HamburgerMenu"/>
  <testcase name="productResultsPage" time="35.225" classname="com.tAjio.homePage.HamburgerMenu"/>
</testsuite> <!-- Default test -->
