<?xml version="1.0" encoding="UTF-8"?>
<!-- Generated by org.testng.reporters.JUnitXMLReporter -->
<testsuite hostname="CHE7-L21298" ignored="0" name="Default test" tests="6" failures="0" timestamp="2020-09-01T00:16:36 IST" time="56.747" errors="0">
  <testcase name="homePage" time="16.679" classname="com.tAjio.homePage.PDPBasic"/>
  <testcase name="pdpStaticElements_Closet" time="0.002" classname="com.tAjio.homePage.PDPBasic"/>
  <testcase name="pdpStaticElements_Cart" time="0.001" classname="com.tAjio.homePage.PDPBasic"/>
  <testcase name="pdpProductImageScroll" time="7.726" classname="com.tAjio.homePage.PDPBasic"/>
  <testcase name="pdpProductImageZoomView" time="4.664" classname="com.tAjio.homePage.PDPBasic"/>
  <testcase name="pdpAddToCart" time="9.853" classname="com.tAjio.homePage.PDPBasic"/>
</testsuite> <!-- Default test -->
