<?xml version="1.0" encoding="UTF-8"?>
<!-- Generated by org.testng.reporters.JUnitReportReporter -->
<testsuite skipped="0" hostname="CHE7-L21298" name="com.tAjio.homePage.CartBasic" tests="3" failures="0" timestamp="2020-09-02T02:30:31 IST" time="32.939" errors="1">
  <testcase name="pdpSizeSelection" time="11.457" classname="com.tAjio.homePage.CartBasic"/>
  <system-out/>
  <testcase name="pdpAddToCart" time="1.978" classname="com.tAjio.homePage.CartBasic">
    <error type="org.openqa.selenium.UnsupportedCommandException" message="&#039;value&#039; attribute is unknown for the element. Only the following attributes are supported: [checkable, checked, {class,className}, clickable, {content-desc,contentDescription}, enabled, focusable, focused, {long-clickable,longClickable}, package, password, {resource-id,resourceId}, scrollable, selection-start, selection-end, selected, {text,name}, bounds, displayed, contentSize]
Build info: version: &#039;3.141.59&#039;, revision: &#039;e82be7d358&#039;, time: &#039;2018-11-14T08:17:03&#039;
System info: host: &#039;CHE7-L21298&#039;, ip: &#039;192.168.1.3&#039;, os.name: &#039;Windows 10&#039;, os.arch: &#039;amd64&#039;, os.version: &#039;10.0&#039;, java.version: &#039;1.8.0_251&#039;
Driver info: io.appium.java_client.android.AndroidDriver
Capabilities {appActivity: com.ril.ajio.home.category...., appPackage: com.ril.ajio, databaseEnabled: false, desired: {appActivity: com.ril.ajio.home.category...., appPackage: com.ril.ajio, deviceName: Honor 9 Lite, noReset: true, platformName: android, platformVersion: 9, udid: 9SF3Y18628012287}, deviceApiLevel: 28, deviceManufacturer: HUAWEI, deviceModel: LLD-AL10, deviceName: 9SF3Y18628012287, deviceScreenDensity: 408, deviceScreenSize: 1080x2160, deviceUDID: 9SF3Y18628012287, javascriptEnabled: true, locationContextEnabled: false, networkConnectionEnabled: true, noReset: true, pixelRatio: 2.55, platform: LINUX, platformName: Android, platformVersion: 9, statBarHeight: 72, takesScreenshot: true, udid: 9SF3Y18628012287, viewportRect: {height: 1960, left: 0, top: 72, width: 1080}, warnings: {}, webStorageEnabled: false}
Session ID: c8a82bd2-963a-40e6-96d6-7ce727a9a64f">
      <![CDATA[org.openqa.selenium.UnsupportedCommandException: 'value' attribute is unknown for the element. Only the following attributes are supported: [checkable, checked, {class,className}, clickable, {content-desc,contentDescription}, enabled, focusable, focused, {long-clickable,longClickable}, package, password, {resource-id,resourceId}, scrollable, selection-start, selection-end, selected, {text,name}, bounds, displayed, contentSize]
Build info: version: '3.141.59', revision: 'e82be7d358', time: '2018-11-14T08:17:03'
System info: host: 'CHE7-L21298', ip: '192.168.1.3', os.name: 'Windows 10', os.arch: 'amd64', os.version: '10.0', java.version: '1.8.0_251'
Driver info: io.appium.java_client.android.AndroidDriver
Capabilities {appActivity: com.ril.ajio.home.category...., appPackage: com.ril.ajio, databaseEnabled: false, desired: {appActivity: com.ril.ajio.home.category...., appPackage: com.ril.ajio, deviceName: Honor 9 Lite, noReset: true, platformName: android, platformVersion: 9, udid: 9SF3Y18628012287}, deviceApiLevel: 28, deviceManufacturer: HUAWEI, deviceModel: LLD-AL10, deviceName: 9SF3Y18628012287, deviceScreenDensity: 408, deviceScreenSize: 1080x2160, deviceUDID: 9SF3Y18628012287, javascriptEnabled: true, locationContextEnabled: false, networkConnectionEnabled: true, noReset: true, pixelRatio: 2.55, platform: LINUX, platformName: Android, platformVersion: 9, statBarHeight: 72, takesScreenshot: true, udid: 9SF3Y18628012287, viewportRect: {height: 1960, left: 0, top: 72, width: 1080}, warnings: {}, webStorageEnabled: false}
Session ID: c8a82bd2-963a-40e6-96d6-7ce727a9a64f
at sun.reflect.NativeConstructorAccessorImpl.newInstance0(Native Method)
at sun.reflect.NativeConstructorAccessorImpl.newInstance(Unknown Source)
at sun.reflect.DelegatingConstructorAccessorImpl.newInstance(Unknown Source)
at java.lang.reflect.Constructor.newInstance(Unknown Source)
at org.openqa.selenium.remote.http.W3CHttpResponseCodec.createException(W3CHttpResponseCodec.java:187)
at org.openqa.selenium.remote.http.W3CHttpResponseCodec.decode(W3CHttpResponseCodec.java:122)
at org.openqa.selenium.remote.http.W3CHttpResponseCodec.decode(W3CHttpResponseCodec.java:49)
at org.openqa.selenium.remote.HttpCommandExecutor.execute(HttpCommandExecutor.java:158)
at io.appium.java_client.remote.AppiumCommandExecutor.execute(AppiumCommandExecutor.java:239)
at org.openqa.selenium.remote.RemoteWebDriver.execute(RemoteWebDriver.java:552)
at io.appium.java_client.DefaultGenericMobileDriver.execute(DefaultGenericMobileDriver.java:41)
at io.appium.java_client.AppiumDriver.execute(AppiumDriver.java:1)
at io.appium.java_client.android.AndroidDriver.execute(AndroidDriver.java:1)
at org.openqa.selenium.remote.RemoteWebElement.execute(RemoteWebElement.java:285)
at io.appium.java_client.DefaultGenericMobileElement.execute(DefaultGenericMobileElement.java:45)
at io.appium.java_client.MobileElement.execute(MobileElement.java:1)
at io.appium.java_client.android.AndroidElement.execute(AndroidElement.java:1)
at org.openqa.selenium.remote.RemoteWebElement.getAttribute(RemoteWebElement.java:134)
at sun.reflect.NativeMethodAccessorImpl.invoke0(Native Method)
at sun.reflect.NativeMethodAccessorImpl.invoke(Unknown Source)
at sun.reflect.DelegatingMethodAccessorImpl.invoke(Unknown Source)
at java.lang.reflect.Method.invoke(Unknown Source)
at org.openqa.selenium.support.pagefactory.internal.LocatingElementHandler.invoke(LocatingElementHandler.java:51)
at com.sun.proxy.$Proxy9.getAttribute(Unknown Source)
at org.openqa.selenium.support.ui.ExpectedConditions$14.apply(ExpectedConditions.java:412)
at org.openqa.selenium.support.ui.ExpectedConditions$14.apply(ExpectedConditions.java:408)
at org.openqa.selenium.support.ui.FluentWait.until(FluentWait.java:249)
at com.sAjio.HomePage.homePageMethods.clickAction(homePageMethods.java:38)
at com.tAjio.homePage.CartBasic.pdpAddToCart(CartBasic.java:75)
at sun.reflect.NativeMethodAccessorImpl.invoke0(Native Method)
at sun.reflect.NativeMethodAccessorImpl.invoke(Unknown Source)
at sun.reflect.DelegatingMethodAccessorImpl.invoke(Unknown Source)
at java.lang.reflect.Method.invoke(Unknown Source)
at org.testng.internal.MethodInvocationHelper.invokeMethod(MethodInvocationHelper.java:135)
at org.testng.internal.TestInvoker.invokeMethod(TestInvoker.java:598)
at org.testng.internal.TestInvoker.invokeTestMethod(TestInvoker.java:174)
at org.testng.internal.MethodRunner.runInSequence(MethodRunner.java:46)
at org.testng.internal.TestInvoker$MethodInvocationAgent.invoke(TestInvoker.java:821)
at org.testng.internal.TestInvoker.invokeTestMethods(TestInvoker.java:147)
at org.testng.internal.TestMethodWorker.invokeTestMethods(TestMethodWorker.java:146)
at org.testng.internal.TestMethodWorker.run(TestMethodWorker.java:128)
at java.util.ArrayList.forEach(Unknown Source)
at org.testng.TestRunner.privateRun(TestRunner.java:767)
at org.testng.TestRunner.run(TestRunner.java:588)
at org.testng.SuiteRunner.runTest(SuiteRunner.java:384)
at org.testng.SuiteRunner.runSequentially(SuiteRunner.java:378)
at org.testng.SuiteRunner.privateRun(SuiteRunner.java:337)
at org.testng.SuiteRunner.run(SuiteRunner.java:286)
at org.testng.SuiteRunnerWorker.runSuite(SuiteRunnerWorker.java:53)
at org.testng.SuiteRunnerWorker.run(SuiteRunnerWorker.java:96)
at org.testng.TestNG.runSuitesSequentially(TestNG.java:1214)
at org.testng.TestNG.runSuitesLocally(TestNG.java:1136)
at org.testng.TestNG.runSuites(TestNG.java:1066)
at org.testng.TestNG.run(TestNG.java:1034)
at org.testng.remote.AbstractRemoteTestNG.run(AbstractRemoteTestNG.java:115)
at org.testng.remote.RemoteTestNG.initAndRun(RemoteTestNG.java:251)
at org.testng.remote.RemoteTestNG.main(RemoteTestNG.java:77)
]]>
    </error>
  </testcase> <!-- pdpAddToCart -->
  <system-out/>
  <testcase name="homePage" time="19.504" classname="com.tAjio.homePage.CartBasic"/>
  <system-out/>
</testsuite> <!-- com.tAjio.homePage.CartBasic -->
