<?xml version="1.0" encoding="UTF-8"?>
<!-- Generated by org.testng.reporters.JUnitReportReporter -->
<testsuite skipped="0" hostname="CHE7-L21298" name="com.tAjio.homePage.StaticSections" tests="3" failures="0" timestamp="2020-08-26T16:16:55 IST" time="30.203" errors="0">
  <testcase name="notificationSection" time="3.111" classname="com.tAjio.homePage.StaticSections"/>
  <system-out/>
  <testcase name="footerSection" time="23.993" classname="com.tAjio.homePage.StaticSections"/>
  <system-out/>
  <testcase name="homePage" time="3.099" classname="com.tAjio.homePage.StaticSections"/>
  <system-out/>
</testsuite> <!-- com.tAjio.homePage.StaticSections -->
