<?xml version="1.0" encoding="UTF-8"?>
<testng-results skipped="0" failed="0" ignored="0" total="4" passed="4">
  <reporter-output>
  </reporter-output>
  <suite name="Default suite" duration-ms="76722" started-at="2020-08-01T23:41:07 IST" finished-at="2020-08-01T23:42:23 IST">
    <groups>
    </groups>
    <test name="Default test" duration-ms="76722" started-at="2020-08-01T23:41:07 IST" finished-at="2020-08-01T23:42:23 IST">
      <class name="com.tAjio.homePage.HamburgerMenu">
        <test-method status="PASS" signature="setup()[pri:0, instance:com.tAjio.homePage.HamburgerMenu@480bdb19]" name="setup" is-config="true" duration-ms="17602" started-at="2020-08-01T23:41:07 IST" finished-at="2020-08-01T23:41:24 IST">
          <reporter-output>
          </reporter-output>
        </test-method> <!-- setup -->
        <test-method status="PASS" signature="sHamburgerMenuInitialSetup()[pri:0, instance:com.tAjio.homePage.HamburgerMenu@480bdb19]" name="sHamburgerMenuInitialSetup" is-config="true" duration-ms="28" started-at="2020-08-01T23:41:24 IST" finished-at="2020-08-01T23:41:24 IST">
          <reporter-output>
          </reporter-output>
        </test-method> <!-- sHamburgerMenuInitialSetup -->
        <test-method status="PASS" signature="homePage()[pri:1, instance:com.tAjio.homePage.HamburgerMenu@480bdb19]" name="homePage" duration-ms="27587" started-at="2020-08-01T23:41:24 IST" finished-at="2020-08-01T23:41:52 IST">
          <reporter-output>
          </reporter-output>
        </test-method> <!-- homePage -->
        <test-method status="PASS" signature="hamburgerMenuTap()[pri:0, instance:com.tAjio.homePage.HamburgerMenu@480bdb19]" name="hamburgerMenuTap" duration-ms="5158" started-at="2020-08-01T23:41:52 IST" depends-on-methods="com.tAjio.homePage.HamburgerMenu.homePage" finished-at="2020-08-01T23:41:57 IST">
          <reporter-output>
          </reporter-output>
        </test-method> <!-- hamburgerMenuTap -->
        <test-method status="PASS" signature="secondaryMenuTap()[pri:0, instance:com.tAjio.homePage.HamburgerMenu@480bdb19]" name="secondaryMenuTap" duration-ms="11816" started-at="2020-08-01T23:41:57 IST" depends-on-methods="com.tAjio.homePage.HamburgerMenu.hamburgerMenuTap" finished-at="2020-08-01T23:42:09 IST">
          <reporter-output>
          </reporter-output>
        </test-method> <!-- secondaryMenuTap -->
        <test-method status="PASS" signature="productResultsPage()[pri:0, instance:com.tAjio.homePage.HamburgerMenu@480bdb19]" name="productResultsPage" duration-ms="14476" started-at="2020-08-01T23:42:09 IST" depends-on-methods="com.tAjio.homePage.HamburgerMenu.secondaryMenuTap" finished-at="2020-08-01T23:42:23 IST">
          <reporter-output>
          </reporter-output>
        </test-method> <!-- productResultsPage -->
        <test-method status="PASS" signature="closure()[pri:0, instance:com.tAjio.homePage.HamburgerMenu@480bdb19]" name="closure" is-config="true" duration-ms="1448" started-at="2020-08-01T23:42:23 IST" finished-at="2020-08-01T23:42:25 IST">
          <reporter-output>
          </reporter-output>
        </test-method> <!-- closure -->
      </class> <!-- com.tAjio.homePage.HamburgerMenu -->
    </test> <!-- Default test -->
  </suite> <!-- Default suite -->
</testng-results>
